<?xml version="1.0" encoding="utf-8"?><testsuites name="pytest tests"><testsuite name="pytest" errors="0" failures="0" skipped="0" tests="8" time="1.769" timestamp="2026-07-21T06:57:03.717807+00:00" hostname="agent-env-571e32bf-b99a-4330-a232-c1c99feea199"><testcase classname="tests.backend_test.TestGeneratedImages" name="test_list_returns_json_list" time="0.160" /><testcase classname="tests.backend_test.TestHealth" name="test_health_ok_and_llm_key" time="0.225" /><testcase classname="tests.backend_test.TestGeneratedImages" name="test_hero_living_present_or_absent" time="0.050" /><testcase classname="tests.backend_test.TestHealth" name="test_root" time="0.084" /><testcase classname="tests.backend_test.TestStaticServing" name="test_hero_living_png_serves_bytes" time="0.109" /><testcase classname="tests.backend_test.TestVisualizer" name="test_visualize_invalid_product_returns_400" time="0.534" /><testcase classname="tests.backend_test.TestStaticServing" name="test_missing_image_404" time="0.042" /><testcase classname="tests.backend_test.TestVisualizer" name="test_visualize_valid_product_returns_image_or_soft_pass" time="0.487" /></testsuite></testsuites>